\BOOKMARK [1][-]{section.1}{\376\377\000G\000r\000u\000n\000d\000l\000a\000g\000e\000n}{}% 1
\BOOKMARK [2][-]{subsection.1.1}{\376\377\000M\000a\000g\000e\000n\000-\000D\000a\000r\000m\000t\000r\000a\000k\000t}{section.1}% 2
\BOOKMARK [2][-]{subsection.1.2}{\376\377\000C\000N\000N}{section.1}% 3
\BOOKMARK [2][-]{subsection.1.3}{\376\377\000U\000-\000N\000e\000t}{section.1}% 4
\BOOKMARK [2][-]{subsection.1.4}{\376\377\000R\000L\000E}{section.1}% 5
\BOOKMARK [1][-]{section.2}{\376\377\000V\000e\000r\000w\000a\000n\000d\000t\000e\000\040\000A\000r\000b\000e\000i\000t\000e\000n}{}% 6
\BOOKMARK [2][-]{subsection.2.1}{\376\377\000S\000e\000m\000a\000n\000t\000i\000s\000c\000h\000e\000\040\000S\000e\000g\000m\000e\000n\000t\000i\000e\000r\000u\000n\000g\000\040\000i\000m\000\040\000m\000e\000d\000i\000z\000i\000n\000i\000s\000c\000h\000e\000m\000\040\000B\000e\000r\000e\000i\000c\000h}{section.2}% 7
\BOOKMARK [2][-]{subsection.2.2}{\376\377\000I\000n\000t\000e\000l\000l\000i\000g\000e\000n\000t\000e\000s\000\040\000Z\000u\000s\000c\000h\000n\000e\000i\000d\000e\000n\000\040\000d\000e\000s\000\040\000I\000n\000p\000u\000t\000s}{section.2}% 8
\BOOKMARK [2][-]{subsection.2.3}{\376\377\000L\000o\000s\000s\000\040\000F\000u\000n\000c\000t\000i\000o\000n\000s\000\040\000f\000\374\000r\000\040\000S\000e\000g\000m\000e\000n\000t\000i\000e\000r\000u\000n\000g\000s\000a\000r\000c\000h\000i\000t\000e\000k\000t\000u\000r\000e\000n}{section.2}% 9
\BOOKMARK [2][-]{subsection.2.4}{\376\377\000E\000n\000c\000o\000d\000e\000r\000\040\0001}{section.2}% 10
\BOOKMARK [2][-]{subsection.2.5}{\376\377\000E\000n\000c\000o\000d\000e\000r\000\040\0002}{section.2}% 11
\BOOKMARK [1][-]{section.3}{\376\377\000M\000e\000t\000h\000o\000d\000i\000k}{}% 12
\BOOKMARK [2][-]{subsection.3.1}{\376\377\000D\000a\000t\000e\000n\000a\000n\000a\000l\000y\000s\000e}{section.3}% 13
\BOOKMARK [2][-]{subsection.3.2}{\376\377\000M\000e\000t\000a\000d\000a\000t\000e\000n\000e\000x\000t\000r\000a\000k\000t\000i\000o\000n}{section.3}% 14
\BOOKMARK [2][-]{subsection.3.3}{\376\377\000A\000l\000g\000o\000r\000i\000t\000h\000m\000i\000k}{section.3}% 15
\BOOKMARK [2][-]{subsection.3.4}{\376\377\0002\000.\0005\000\040\000d\000i\000m\000e\000n\000s\000i\000o\000n\000a\000l\000e\000\040\000D\000a\000t\000e\000n}{section.3}% 16
\BOOKMARK [2][-]{subsection.3.5}{\376\377\000I\000n\000t\000e\000l\000l\000i\000g\000e\000n\000t\000e\000s\000\040\000Z\000u\000s\000c\000h\000n\000e\000i\000d\000e\000n}{section.3}% 17
\BOOKMARK [2][-]{subsection.3.6}{\376\377\000E\000x\000p\000e\000r\000i\000m\000e\000n\000t\000e}{section.3}% 18
\BOOKMARK [1][-]{section.4}{\376\377\000E\000v\000a\000l\000u\000a\000t\000i\000o\000n}{}% 19
\BOOKMARK [1][-]{section.5}{\376\377\000F\000a\000z\000i\000t}{}% 20
\BOOKMARK [2][-]{subsection.5.1}{\376\377\000A\000u\000s\000b\000l\000i\000c\000k}{section.5}% 21
\BOOKMARK [1][-]{section*.4}{\376\377\000A\000b\000b\000i\000l\000d\000u\000n\000g\000s\000v\000e\000r\000z\000e\000i\000c\000h\000n\000i\000s}{}% 22
\BOOKMARK [1][-]{section*.5}{\376\377\000T\000a\000b\000e\000l\000l\000e\000n\000v\000e\000r\000z\000e\000i\000c\000h\000n\000i\000s}{}% 23
